
*** Running vivado
    with args -log stopwatch.vds -m64 -product Vivado -mode batch -messageDb vivado.pb -notrace -source stopwatch.tcl



****** Vivado v2022.2 (64-bit)
  **** SW Build 3671981 on Fri Oct 14 05:00:03 MDT 2022
  **** IP Build 3669848 on Fri Oct 14 08:30:02 MDT 2022
    ** Copyright 1986-2022 Xilinx, Inc. All Rights Reserved.

source stopwatch.tcl -notrace
Command: read_checkpoint -auto_incremental -incremental C:/Users/natal/OneDrive/Dokumenty/szkola/vivado/stoper/stoper.srcs/utils_1/imports/synth_1/stopwatch.dcp
INFO: [Vivado 12-5825] Read reference checkpoint from C:/Users/natal/OneDrive/Dokumenty/szkola/vivado/stoper/stoper.srcs/utils_1/imports/synth_1/stopwatch.dcp for incremental synthesis
INFO: [Vivado 12-7989] Please ensure there are no constraint changes
Command: synth_design -top stopwatch -part xc7a35tcpg236-1
Starting synth_design
Attempting to get a license for feature 'Synthesis' and/or device 'xc7a35t'
INFO: [Common 17-349] Got license for feature 'Synthesis' and/or device 'xc7a35t'
INFO: [Device 21-403] Loading part xc7a35tcpg236-1
INFO: [Designutils 20-5440] No compile time benefit to using incremental synthesis; A full resynthesis will be run
INFO: [Designutils 20-4379] Flow is switching to default flow due to incremental criteria not met. If you would like to alter this behaviour and have the flow terminate instead, please set the following parameter config_implementation {autoIncr.Synth.RejectBehavior Terminate}
INFO: [Synth 8-7079] Multithreading enabled for synth_design using a maximum of 2 processes.
INFO: [Synth 8-7078] Launching helper process for spawning children vivado processes
INFO: [Synth 8-7075] Helper process launched with PID 5704
INFO: [Synth 8-11241] undeclared symbol 'REGCCE', assumed default net type 'wire' [C:/Xilinx/Vivado/2022.2/data/verilog/src/unimacro/BRAM_SINGLE_MACRO.v:2170]
---------------------------------------------------------------------------------
Starting RTL Elaboration : Time (s): cpu = 00:00:05 ; elapsed = 00:00:05 . Memory (MB): peak = 1190.891 ; gain = 408.746
---------------------------------------------------------------------------------
INFO: [Synth 8-6157] synthesizing module 'stopwatch' [C:/Users/natal/OneDrive/Dokumenty/szkola/vivado/stoper/stoper.srcs/sources_1/imports/hdl/stopwatch.sv:16]
INFO: [Synth 8-6157] synthesizing module 'clk_divider' [C:/Users/natal/OneDrive/Dokumenty/szkola/vivado/stoper/stoper.srcs/sources_1/imports/hdl/clk_divider.sv:16]
	Parameter FREQ bound to: 100 - type: integer 
INFO: [Synth 8-6155] done synthesizing module 'clk_divider' (0#1) [C:/Users/natal/OneDrive/Dokumenty/szkola/vivado/stoper/stoper.srcs/sources_1/imports/hdl/clk_divider.sv:16]
INFO: [Synth 8-6157] synthesizing module 'clk_divider__parameterized0' [C:/Users/natal/OneDrive/Dokumenty/szkola/vivado/stoper/stoper.srcs/sources_1/imports/hdl/clk_divider.sv:16]
	Parameter FREQ bound to: 200 - type: integer 
INFO: [Synth 8-6155] done synthesizing module 'clk_divider__parameterized0' (0#1) [C:/Users/natal/OneDrive/Dokumenty/szkola/vivado/stoper/stoper.srcs/sources_1/imports/hdl/clk_divider.sv:16]
INFO: [Synth 8-6157] synthesizing module 'counter' [C:/Users/natal/OneDrive/Dokumenty/szkola/vivado/stoper/stoper.srcs/sources_1/imports/hdl/counter.sv:16]
	Parameter N bound to: 16 - type: integer 
INFO: [Synth 8-6155] done synthesizing module 'counter' (0#1) [C:/Users/natal/OneDrive/Dokumenty/szkola/vivado/stoper/stoper.srcs/sources_1/imports/hdl/counter.sv:16]
INFO: [Synth 8-6157] synthesizing module 'bin2bcd' [C:/Users/natal/OneDrive/Dokumenty/szkola/vivado/stoper/stoper.srcs/sources_1/imports/hdl/bin2bcd.sv:18]
INFO: [Synth 8-6155] done synthesizing module 'bin2bcd' (0#1) [C:/Users/natal/OneDrive/Dokumenty/szkola/vivado/stoper/stoper.srcs/sources_1/imports/hdl/bin2bcd.sv:18]
INFO: [Synth 8-6157] synthesizing module 'sseg_x4' [C:/Users/natal/OneDrive/Dokumenty/szkola/vivado/stoper/stoper.srcs/sources_1/imports/hdl/sseg_x4.sv:19]
INFO: [Synth 8-6157] synthesizing module 'ring_counter' [C:/Users/natal/OneDrive/Dokumenty/szkola/vivado/stoper/stoper.srcs/sources_1/imports/hdl/ring_counter.sv:17]
	Parameter SIZE bound to: 4 - type: integer 
	Parameter INIT_VAL bound to: 4'b1110 
INFO: [Synth 8-6155] done synthesizing module 'ring_counter' (0#1) [C:/Users/natal/OneDrive/Dokumenty/szkola/vivado/stoper/stoper.srcs/sources_1/imports/hdl/ring_counter.sv:17]
INFO: [Synth 8-6157] synthesizing module 'sseg_mux' [C:/Users/natal/OneDrive/Dokumenty/szkola/vivado/stoper/stoper.srcs/sources_1/imports/hdl/sseg_mux.sv:16]
INFO: [Synth 8-6155] done synthesizing module 'sseg_mux' (0#1) [C:/Users/natal/OneDrive/Dokumenty/szkola/vivado/stoper/stoper.srcs/sources_1/imports/hdl/sseg_mux.sv:16]
INFO: [Synth 8-6157] synthesizing module 'bcd2sseg' [C:/Users/natal/OneDrive/Dokumenty/szkola/vivado/stoper/stoper.srcs/sources_1/imports/hdl/bcd2sseg.sv:15]
INFO: [Synth 8-6155] done synthesizing module 'bcd2sseg' (0#1) [C:/Users/natal/OneDrive/Dokumenty/szkola/vivado/stoper/stoper.srcs/sources_1/imports/hdl/bcd2sseg.sv:15]
INFO: [Synth 8-6155] done synthesizing module 'sseg_x4' (0#1) [C:/Users/natal/OneDrive/Dokumenty/szkola/vivado/stoper/stoper.srcs/sources_1/imports/hdl/sseg_x4.sv:19]
INFO: [Synth 8-6155] done synthesizing module 'stopwatch' (0#1) [C:/Users/natal/OneDrive/Dokumenty/szkola/vivado/stoper/stoper.srcs/sources_1/imports/hdl/stopwatch.sv:16]
---------------------------------------------------------------------------------
Finished RTL Elaboration : Time (s): cpu = 00:00:06 ; elapsed = 00:00:07 . Memory (MB): peak = 1282.539 ; gain = 500.395
---------------------------------------------------------------------------------
---------------------------------------------------------------------------------
Start Handling Custom Attributes
---------------------------------------------------------------------------------
---------------------------------------------------------------------------------
Finished Handling Custom Attributes : Time (s): cpu = 00:00:06 ; elapsed = 00:00:07 . Memory (MB): peak = 1282.539 ; gain = 500.395
---------------------------------------------------------------------------------
---------------------------------------------------------------------------------
Finished RTL Optimization Phase 1 : Time (s): cpu = 00:00:06 ; elapsed = 00:00:07 . Memory (MB): peak = 1282.539 ; gain = 500.395
---------------------------------------------------------------------------------
Netlist sorting complete. Time (s): cpu = 00:00:00 ; elapsed = 00:00:00.004 . Memory (MB): peak = 1282.539 ; gain = 0.000
INFO: [Project 1-570] Preparing netlist for logic optimization

Processing XDC Constraints
Initializing timing engine
Parsing XDC File [C:/Users/natal/OneDrive/Dokumenty/szkola/vivado/stoper/stoper.srcs/constrs_1/imports/constraints/project_stopwatch.xdc]
Finished Parsing XDC File [C:/Users/natal/OneDrive/Dokumenty/szkola/vivado/stoper/stoper.srcs/constrs_1/imports/constraints/project_stopwatch.xdc]
INFO: [Project 1-236] Implementation specific constraints were found while reading constraint file [C:/Users/natal/OneDrive/Dokumenty/szkola/vivado/stoper/stoper.srcs/constrs_1/imports/constraints/project_stopwatch.xdc]. These constraints will be ignored for synthesis but will be used in implementation. Impacted constraints are listed in the file [.Xil/stopwatch_propImpl.xdc].
Resolution: To avoid this warning, move constraints listed in [.Xil/stopwatch_propImpl.xdc] to another XDC file and exclude this new file from synthesis with the used_in_synthesis property (File Properties dialog in GUI) and re-run elaboration/synthesis.
Completed Processing XDC Constraints

Netlist sorting complete. Time (s): cpu = 00:00:00 ; elapsed = 00:00:00 . Memory (MB): peak = 1328.332 ; gain = 0.000
INFO: [Project 1-111] Unisim Transformation Summary:
No Unisim elements were transformed.

Constraint Validation Runtime : Time (s): cpu = 00:00:00 ; elapsed = 00:00:00.003 . Memory (MB): peak = 1328.332 ; gain = 0.000
INFO: [Designutils 20-5440] No compile time benefit to using incremental synthesis; A full resynthesis will be run
INFO: [Designutils 20-4379] Flow is switching to default flow due to incremental criteria not met. If you would like to alter this behaviour and have the flow terminate instead, please set the following parameter config_implementation {autoIncr.Synth.RejectBehavior Terminate}
INFO: [Synth 8-11241] undeclared symbol 'REGCCE', assumed default net type 'wire' [C:/Xilinx/Vivado/2022.2/data/verilog/src/unimacro/BRAM_SINGLE_MACRO.v:2170]
---------------------------------------------------------------------------------
Finished Constraint Validation : Time (s): cpu = 00:00:13 ; elapsed = 00:00:14 . Memory (MB): peak = 1328.332 ; gain = 546.188
---------------------------------------------------------------------------------
---------------------------------------------------------------------------------
Start Loading Part and Timing Information
---------------------------------------------------------------------------------
Loading part: xc7a35tcpg236-1
---------------------------------------------------------------------------------
Finished Loading Part and Timing Information : Time (s): cpu = 00:00:13 ; elapsed = 00:00:14 . Memory (MB): peak = 1328.332 ; gain = 546.188
---------------------------------------------------------------------------------
---------------------------------------------------------------------------------
Start Applying 'set_property' XDC Constraints
---------------------------------------------------------------------------------
---------------------------------------------------------------------------------
Finished applying 'set_property' XDC Constraints : Time (s): cpu = 00:00:13 ; elapsed = 00:00:14 . Memory (MB): peak = 1328.332 ; gain = 546.188
---------------------------------------------------------------------------------
---------------------------------------------------------------------------------
Finished RTL Optimization Phase 2 : Time (s): cpu = 00:00:14 ; elapsed = 00:00:15 . Memory (MB): peak = 1328.332 ; gain = 546.188
---------------------------------------------------------------------------------
---------------------------------------------------------------------------------
Start RTL Component Statistics 
---------------------------------------------------------------------------------
Detailed RTL Component Info : 
+---Adders : 
	   2 Input   19 Bit       Adders := 1     
	   2 Input   18 Bit       Adders := 1     
	   2 Input   16 Bit       Adders := 1     
	   2 Input    4 Bit       Adders := 35    
	   2 Input    3 Bit       Adders := 7     
+---Registers : 
	               19 Bit    Registers := 1     
	               18 Bit    Registers := 1     
	               16 Bit    Registers := 1     
	                4 Bit    Registers := 2     
	                1 Bit    Registers := 3     
+---Muxes : 
	   2 Input   19 Bit        Muxes := 1     
	   2 Input   18 Bit        Muxes := 1     
	   2 Input   16 Bit        Muxes := 1     
	   2 Input    4 Bit        Muxes := 31    
	   5 Input    4 Bit        Muxes := 1     
	   2 Input    3 Bit        Muxes := 4     
	   4 Input    1 Bit        Muxes := 1     
---------------------------------------------------------------------------------
Finished RTL Component Statistics 
---------------------------------------------------------------------------------
---------------------------------------------------------------------------------
Start Part Resource Summary
---------------------------------------------------------------------------------
Part Resources:
DSPs: 90 (col length:60)
BRAMs: 100 (col length: RAMB18 60 RAMB36 30)
---------------------------------------------------------------------------------
Finished Part Resource Summary
---------------------------------------------------------------------------------
---------------------------------------------------------------------------------
Start Cross Boundary and Area Optimization
---------------------------------------------------------------------------------
WARNING: [Synth 8-7080] Parallel synthesis criteria is not met
---------------------------------------------------------------------------------
Finished Cross Boundary and Area Optimization : Time (s): cpu = 00:00:29 ; elapsed = 00:00:30 . Memory (MB): peak = 1328.332 ; gain = 546.188
---------------------------------------------------------------------------------
---------------------------------------------------------------------------------
Start Applying XDC Timing Constraints
---------------------------------------------------------------------------------
---------------------------------------------------------------------------------
Finished Applying XDC Timing Constraints : Time (s): cpu = 00:00:34 ; elapsed = 00:00:35 . Memory (MB): peak = 1328.332 ; gain = 546.188
---------------------------------------------------------------------------------
---------------------------------------------------------------------------------
Start Timing Optimization
---------------------------------------------------------------------------------
---------------------------------------------------------------------------------
Finished Timing Optimization : Time (s): cpu = 00:00:34 ; elapsed = 00:00:35 . Memory (MB): peak = 1328.332 ; gain = 546.188
---------------------------------------------------------------------------------
---------------------------------------------------------------------------------
Start Technology Mapping
---------------------------------------------------------------------------------
---------------------------------------------------------------------------------
Finished Technology Mapping : Time (s): cpu = 00:00:34 ; elapsed = 00:00:35 . Memory (MB): peak = 1328.332 ; gain = 546.188
---------------------------------------------------------------------------------
---------------------------------------------------------------------------------
Start IO Insertion
---------------------------------------------------------------------------------
---------------------------------------------------------------------------------
Start Flattening Before IO Insertion
---------------------------------------------------------------------------------
---------------------------------------------------------------------------------
Finished Flattening Before IO Insertion
---------------------------------------------------------------------------------
---------------------------------------------------------------------------------
Start Final Netlist Cleanup
---------------------------------------------------------------------------------
---------------------------------------------------------------------------------
Finished Final Netlist Cleanup
---------------------------------------------------------------------------------
---------------------------------------------------------------------------------
Finished IO Insertion : Time (s): cpu = 00:00:39 ; elapsed = 00:00:40 . Memory (MB): peak = 1328.332 ; gain = 546.188
---------------------------------------------------------------------------------
---------------------------------------------------------------------------------
Start Renaming Generated Instances
---------------------------------------------------------------------------------
---------------------------------------------------------------------------------
Finished Renaming Generated Instances : Time (s): cpu = 00:00:39 ; elapsed = 00:00:40 . Memory (MB): peak = 1328.332 ; gain = 546.188
---------------------------------------------------------------------------------
---------------------------------------------------------------------------------
Start Rebuilding User Hierarchy
---------------------------------------------------------------------------------
---------------------------------------------------------------------------------
Finished Rebuilding User Hierarchy : Time (s): cpu = 00:00:39 ; elapsed = 00:00:40 . Memory (MB): peak = 1328.332 ; gain = 546.188
---------------------------------------------------------------------------------
---------------------------------------------------------------------------------
Start Renaming Generated Ports
---------------------------------------------------------------------------------
---------------------------------------------------------------------------------
Finished Renaming Generated Ports : Time (s): cpu = 00:00:39 ; elapsed = 00:00:40 . Memory (MB): peak = 1328.332 ; gain = 546.188
---------------------------------------------------------------------------------
---------------------------------------------------------------------------------
Start Handling Custom Attributes
---------------------------------------------------------------------------------
---------------------------------------------------------------------------------
Finished Handling Custom Attributes : Time (s): cpu = 00:00:39 ; elapsed = 00:00:40 . Memory (MB): peak = 1328.332 ; gain = 546.188
---------------------------------------------------------------------------------
---------------------------------------------------------------------------------
Start Renaming Generated Nets
---------------------------------------------------------------------------------
---------------------------------------------------------------------------------
Finished Renaming Generated Nets : Time (s): cpu = 00:00:39 ; elapsed = 00:00:40 . Memory (MB): peak = 1328.332 ; gain = 546.188
---------------------------------------------------------------------------------
---------------------------------------------------------------------------------
Start Writing Synthesis Report
---------------------------------------------------------------------------------

Report BlackBoxes: 
+-+--------------+----------+
| |BlackBox name |Instances |
+-+--------------+----------+
+-+--------------+----------+

Report Cell Usage: 
+------+-------+------+
|      |Cell   |Count |
+------+-------+------+
|1     |BUFG   |     1|
|2     |CARRY4 |    14|
|3     |LUT1   |     2|
|4     |LUT2   |    58|
|5     |LUT3   |     5|
|6     |LUT4   |    20|
|7     |LUT5   |    11|
|8     |LUT6   |    67|
|9     |FDCE   |    61|
|10    |FDPE   |     3|
|11    |IBUF   |     4|
|12    |OBUF   |    15|
+------+-------+------+
---------------------------------------------------------------------------------
Finished Writing Synthesis Report : Time (s): cpu = 00:00:39 ; elapsed = 00:00:40 . Memory (MB): peak = 1328.332 ; gain = 546.188
---------------------------------------------------------------------------------
Synthesis finished with 0 errors, 0 critical warnings and 1 warnings.
Synthesis Optimization Runtime : Time (s): cpu = 00:00:31 ; elapsed = 00:00:38 . Memory (MB): peak = 1328.332 ; gain = 500.395
Synthesis Optimization Complete : Time (s): cpu = 00:00:39 ; elapsed = 00:00:40 . Memory (MB): peak = 1328.332 ; gain = 546.188
INFO: [Project 1-571] Translating synthesized netlist
Netlist sorting complete. Time (s): cpu = 00:00:00 ; elapsed = 00:00:00.002 . Memory (MB): peak = 1339.516 ; gain = 0.000
INFO: [Netlist 29-17] Analyzing 14 Unisim elements for replacement
INFO: [Netlist 29-28] Unisim Transformation completed in 0 CPU seconds
INFO: [Project 1-570] Preparing netlist for logic optimization
INFO: [Opt 31-138] Pushed 0 inverter(s) to 0 load pin(s).
Netlist sorting complete. Time (s): cpu = 00:00:00 ; elapsed = 00:00:00 . Memory (MB): peak = 1348.176 ; gain = 0.000
INFO: [Project 1-111] Unisim Transformation Summary:
No Unisim elements were transformed.

Synth Design complete, checksum: 96afd5fc
INFO: [Common 17-83] Releasing license: Synthesis
41 Infos, 1 Warnings, 0 Critical Warnings and 0 Errors encountered.
synth_design completed successfully
synth_design: Time (s): cpu = 00:00:43 ; elapsed = 00:00:44 . Memory (MB): peak = 1348.176 ; gain = 944.395
INFO: [Common 17-1381] The checkpoint 'C:/Users/natal/OneDrive/Dokumenty/szkola/vivado/stoper/stoper.runs/synth_1/stopwatch.dcp' has been generated.
INFO: [runtcl-4] Executing : report_utilization -file stopwatch_utilization_synth.rpt -pb stopwatch_utilization_synth.pb
INFO: [Common 17-206] Exiting Vivado at Sat Jan 28 22:08:01 2023...
