
*** Running vivado
    with args -log stopwatch.vdi -applog -m64 -product Vivado -messageDb vivado.pb -mode batch -source stopwatch.tcl -notrace


****** Vivado v2017.3 (64-bit)
  **** SW Build 2018833 on Wed Oct  4 19:58:22 MDT 2017
  **** IP Build 2016188 on Wed Oct  4 21:52:56 MDT 2017
    ** Copyright 1986-2017 Xilinx, Inc. All Rights Reserved.

source stopwatch.tcl -notrace
Command: link_design -top stopwatch -part xc7a35tcpg236-1
Design is defaulting to srcset: sources_1
Design is defaulting to constrset: constrs_1
INFO: [Netlist 29-17] Analyzing 19 Unisim elements for replacement
INFO: [Netlist 29-28] Unisim Transformation completed in 0 CPU seconds
INFO: [Project 1-479] Netlist was created with Vivado 2017.3
INFO: [Device 21-403] Loading part xc7a35tcpg236-1
INFO: [Project 1-570] Preparing netlist for logic optimization
Parsing XDC File [D:/Vivado/MateuszJagielski/stopwatch_MJ/stopwatch_MJ/project_stopwatch.xdc]
Finished Parsing XDC File [D:/Vivado/MateuszJagielski/stopwatch_MJ/stopwatch_MJ/project_stopwatch.xdc]
INFO: [Opt 31-138] Pushed 0 inverter(s) to 0 load pin(s).
INFO: [Project 1-111] Unisim Transformation Summary:
No Unisim elements were transformed.

7 Infos, 0 Warnings, 0 Critical Warnings and 0 Errors encountered.
link_design completed successfully
Command: opt_design
Attempting to get a license for feature 'Implementation' and/or device 'xc7a35t'
INFO: [Common 17-349] Got license for feature 'Implementation' and/or device 'xc7a35t'
Running DRC as a precondition to command opt_design

Starting DRC Task
INFO: [DRC 23-27] Running DRC with 2 threads
INFO: [Project 1-461] DRC finished with 0 Errors
INFO: [Project 1-462] Please refer to the DRC report (report_drc) for more information.

Time (s): cpu = 00:00:01 ; elapsed = 00:00:00.402 . Memory (MB): peak = 528.430 ; gain = 11.652
INFO: [Timing 38-35] Done setting XDC timing constraints.

Starting Logic Optimization Task

Phase 1 Retarget
INFO: [Opt 31-138] Pushed 0 inverter(s) to 0 load pin(s).
INFO: [Opt 31-49] Retargeted 0 cell(s).
Phase 1 Retarget | Checksum: 1ba0a47b7

Time (s): cpu = 00:00:00 ; elapsed = 00:00:00.013 . Memory (MB): peak = 1028.844 ; gain = 0.000
INFO: [Opt 31-389] Phase Retarget created 0 cells and removed 0 cells

Phase 2 Constant propagation
INFO: [Opt 31-138] Pushed 0 inverter(s) to 0 load pin(s).
Phase 2 Constant propagation | Checksum: 1ba0a47b7

Time (s): cpu = 00:00:00 ; elapsed = 00:00:00.017 . Memory (MB): peak = 1028.844 ; gain = 0.000
INFO: [Opt 31-389] Phase Constant propagation created 0 cells and removed 0 cells

Phase 3 Sweep
Phase 3 Sweep | Checksum: 1d72b0f9e

Time (s): cpu = 00:00:00 ; elapsed = 00:00:00.021 . Memory (MB): peak = 1028.844 ; gain = 0.000
INFO: [Opt 31-389] Phase Sweep created 0 cells and removed 0 cells

Phase 4 BUFG optimization
Phase 4 BUFG optimization | Checksum: 1d72b0f9e

Time (s): cpu = 00:00:00 ; elapsed = 00:00:00.024 . Memory (MB): peak = 1028.844 ; gain = 0.000
INFO: [Opt 31-389] Phase BUFG optimization created 0 cells and removed 0 cells

Phase 5 Shift Register Optimization
Phase 5 Shift Register Optimization | Checksum: 1d72b0f9e

Time (s): cpu = 00:00:00 ; elapsed = 00:00:00.026 . Memory (MB): peak = 1028.844 ; gain = 0.000
INFO: [Opt 31-389] Phase Shift Register Optimization created 0 cells and removed 0 cells

Starting Connectivity Check Task

Time (s): cpu = 00:00:00 ; elapsed = 00:00:00 . Memory (MB): peak = 1028.844 ; gain = 0.000
Ending Logic Optimization Task | Checksum: 1d72b0f9e

Time (s): cpu = 00:00:00 ; elapsed = 00:00:00.029 . Memory (MB): peak = 1028.844 ; gain = 0.000

Starting Power Optimization Task
INFO: [Pwropt 34-132] Skipping clock gating for clocks with a period < 2.00 ns.
Ending Power Optimization Task | Checksum: 21f0fe404

Time (s): cpu = 00:00:00 ; elapsed = 00:00:00.005 . Memory (MB): peak = 1028.844 ; gain = 0.000
INFO: [Common 17-83] Releasing license: Implementation
22 Infos, 0 Warnings, 0 Critical Warnings and 0 Errors encountered.
opt_design completed successfully
opt_design: Time (s): cpu = 00:00:10 ; elapsed = 00:00:09 . Memory (MB): peak = 1028.844 ; gain = 512.066
Writing placer database...
Writing XDEF routing.
Writing XDEF routing logical nets.
Writing XDEF routing special nets.
Write XDEF Complete: Time (s): cpu = 00:00:00 ; elapsed = 00:00:00.026 . Memory (MB): peak = 1028.844 ; gain = 0.000
INFO: [Common 17-1381] The checkpoint 'D:/Vivado/MateuszJagielski/stopwatch_MJ/stopwatch_MJ.runs/impl_1/stopwatch_opt.dcp' has been generated.
INFO: [runtcl-4] Executing : report_drc -file stopwatch_drc_opted.rpt -pb stopwatch_drc_opted.pb -rpx stopwatch_drc_opted.rpx
Command: report_drc -file stopwatch_drc_opted.rpt -pb stopwatch_drc_opted.pb -rpx stopwatch_drc_opted.rpx
INFO: [DRC 23-27] Running DRC with 2 threads
INFO: [Coretcl 2-168] The results of DRC are in file D:/Vivado/MateuszJagielski/stopwatch_MJ/stopwatch_MJ.runs/impl_1/stopwatch_drc_opted.rpt.
report_drc completed successfully
INFO: [Chipscope 16-241] No debug cores found in the current design.
Before running the implement_debug_core command, either use the Set Up Debug wizard (GUI mode)
or use the create_debug_core and connect_debug_core Tcl commands to insert debug cores into the design.
Command: place_design
Attempting to get a license for feature 'Implementation' and/or device 'xc7a35t'
INFO: [Common 17-349] Got license for feature 'Implementation' and/or device 'xc7a35t'
INFO: [DRC 23-27] Running DRC with 2 threads
INFO: [Vivado_Tcl 4-198] DRC finished with 0 Errors
INFO: [Vivado_Tcl 4-199] Please refer to the DRC report (report_drc) for more information.
Running DRC as a precondition to command place_design
INFO: [DRC 23-27] Running DRC with 2 threads
INFO: [Vivado_Tcl 4-198] DRC finished with 0 Errors
INFO: [Vivado_Tcl 4-199] Please refer to the DRC report (report_drc) for more information.

Starting Placer Task
INFO: [Place 30-611] Multithreading enabled for place_design using a maximum of 2 CPUs

Phase 1 Placer Initialization

Phase 1.1 Placer Initialization Netlist Sorting
Netlist sorting complete. Time (s): cpu = 00:00:00 ; elapsed = 00:00:00 . Memory (MB): peak = 1028.844 ; gain = 0.000
Phase 1.1 Placer Initialization Netlist Sorting | Checksum: 13a512c1f

Time (s): cpu = 00:00:00 ; elapsed = 00:00:00.002 . Memory (MB): peak = 1028.844 ; gain = 0.000
INFO: [Timing 38-35] Done setting XDC timing constraints.
INFO: [Opt 31-138] Pushed 0 inverter(s) to 0 load pin(s).
Netlist sorting complete. Time (s): cpu = 00:00:00 ; elapsed = 00:00:00 . Memory (MB): peak = 1028.844 ; gain = 0.000

Phase 1.2 IO Placement/ Clock Placement/ Build Placer Device
INFO: [Timing 38-35] Done setting XDC timing constraints.
Phase 1.2 IO Placement/ Clock Placement/ Build Placer Device | Checksum: 1cefea7d9

Time (s): cpu = 00:00:01 ; elapsed = 00:00:00.588 . Memory (MB): peak = 1028.844 ; gain = 0.000

Phase 1.3 Build Placer Netlist Model
Phase 1.3 Build Placer Netlist Model | Checksum: 29e34c428

Time (s): cpu = 00:00:01 ; elapsed = 00:00:00.673 . Memory (MB): peak = 1028.844 ; gain = 0.000

Phase 1.4 Constrain Clocks/Macros
Phase 1.4 Constrain Clocks/Macros | Checksum: 29e34c428

Time (s): cpu = 00:00:01 ; elapsed = 00:00:00.675 . Memory (MB): peak = 1028.844 ; gain = 0.000
Phase 1 Placer Initialization | Checksum: 29e34c428

Time (s): cpu = 00:00:01 ; elapsed = 00:00:00.676 . Memory (MB): peak = 1028.844 ; gain = 0.000

Phase 2 Global Placement
Phase 2 Global Placement | Checksum: 2071b8e0a

Time (s): cpu = 00:00:02 ; elapsed = 00:00:01 . Memory (MB): peak = 1028.844 ; gain = 0.000

Phase 3 Detail Placement

Phase 3.1 Commit Multi Column Macros
Phase 3.1 Commit Multi Column Macros | Checksum: 2071b8e0a

Time (s): cpu = 00:00:02 ; elapsed = 00:00:01 . Memory (MB): peak = 1028.844 ; gain = 0.000

Phase 3.2 Commit Most Macros & LUTRAMs
Phase 3.2 Commit Most Macros & LUTRAMs | Checksum: 1eaeb1fcc

Time (s): cpu = 00:00:02 ; elapsed = 00:00:01 . Memory (MB): peak = 1028.844 ; gain = 0.000

Phase 3.3 Area Swap Optimization
Phase 3.3 Area Swap Optimization | Checksum: 1bdf18bbd

Time (s): cpu = 00:00:02 ; elapsed = 00:00:01 . Memory (MB): peak = 1028.844 ; gain = 0.000

Phase 3.4 Pipeline Register Optimization
Phase 3.4 Pipeline Register Optimization | Checksum: 1bdf18bbd

Time (s): cpu = 00:00:02 ; elapsed = 00:00:01 . Memory (MB): peak = 1028.844 ; gain = 0.000

Phase 3.5 Small Shape Detail Placement
Phase 3.5 Small Shape Detail Placement | Checksum: 23d93e1e7

Time (s): cpu = 00:00:02 ; elapsed = 00:00:01 . Memory (MB): peak = 1028.844 ; gain = 0.000

Phase 3.6 Re-assign LUT pins
Phase 3.6 Re-assign LUT pins | Checksum: 190063e7b

Time (s): cpu = 00:00:02 ; elapsed = 00:00:01 . Memory (MB): peak = 1028.844 ; gain = 0.000

Phase 3.7 Pipeline Register Optimization
Phase 3.7 Pipeline Register Optimization | Checksum: 190063e7b

Time (s): cpu = 00:00:02 ; elapsed = 00:00:01 . Memory (MB): peak = 1028.844 ; gain = 0.000
Phase 3 Detail Placement | Checksum: 190063e7b

Time (s): cpu = 00:00:02 ; elapsed = 00:00:01 . Memory (MB): peak = 1028.844 ; gain = 0.000

Phase 4 Post Placement Optimization and Clean-Up

Phase 4.1 Post Commit Optimization
INFO: [Timing 38-35] Done setting XDC timing constraints.

Phase 4.1.1 Post Placement Optimization
Post Placement Optimization Initialization | Checksum: 11735c8d7

Phase 4.1.1.1 BUFG Insertion
INFO: [Physopt 32-721] Multithreading enabled for phys_opt_design using a maximum of 2 CPUs
INFO: [Place 46-31] BUFG insertion identified 0 candidate nets, 0 success, 0 skipped for placement/routing, 0 skipped for timing, 0 skipped for netlist change reason.
Phase 4.1.1.1 BUFG Insertion | Checksum: 11735c8d7

Time (s): cpu = 00:00:02 ; elapsed = 00:00:02 . Memory (MB): peak = 1028.844 ; gain = 0.000
INFO: [Place 30-746] Post Placement Timing Summary WNS=6.470. For the most accurate timing information please run report_timing.
Phase 4.1.1 Post Placement Optimization | Checksum: 112b0b67f

Time (s): cpu = 00:00:02 ; elapsed = 00:00:02 . Memory (MB): peak = 1028.844 ; gain = 0.000
Phase 4.1 Post Commit Optimization | Checksum: 112b0b67f

Time (s): cpu = 00:00:02 ; elapsed = 00:00:02 . Memory (MB): peak = 1028.844 ; gain = 0.000

Phase 4.2 Post Placement Cleanup
Phase 4.2 Post Placement Cleanup | Checksum: 112b0b67f

Time (s): cpu = 00:00:02 ; elapsed = 00:00:02 . Memory (MB): peak = 1028.844 ; gain = 0.000

Phase 4.3 Placer Reporting
Phase 4.3 Placer Reporting | Checksum: 112b0b67f

Time (s): cpu = 00:00:02 ; elapsed = 00:00:02 . Memory (MB): peak = 1028.844 ; gain = 0.000

Phase 4.4 Final Placement Cleanup
Phase 4.4 Final Placement Cleanup | Checksum: 17192edf2

Time (s): cpu = 00:00:02 ; elapsed = 00:00:02 . Memory (MB): peak = 1028.844 ; gain = 0.000
Phase 4 Post Placement Optimization and Clean-Up | Checksum: 17192edf2

Time (s): cpu = 00:00:02 ; elapsed = 00:00:02 . Memory (MB): peak = 1028.844 ; gain = 0.000
Ending Placer Task | Checksum: b97c58f0

Time (s): cpu = 00:00:02 ; elapsed = 00:00:02 . Memory (MB): peak = 1028.844 ; gain = 0.000
INFO: [Common 17-83] Releasing license: Implementation
43 Infos, 0 Warnings, 0 Critical Warnings and 0 Errors encountered.
place_design completed successfully
Writing placer database...
Writing XDEF routing.
Writing XDEF routing logical nets.
Writing XDEF routing special nets.
Write XDEF Complete: Time (s): cpu = 00:00:01 ; elapsed = 00:00:00.053 . Memory (MB): peak = 1028.844 ; gain = 0.000
INFO: [Common 17-1381] The checkpoint 'D:/Vivado/MateuszJagielski/stopwatch_MJ/stopwatch_MJ.runs/impl_1/stopwatch_placed.dcp' has been generated.
INFO: [runtcl-4] Executing : report_io -file stopwatch_io_placed.rpt
report_io: Time (s): cpu = 00:00:00 ; elapsed = 00:00:00.026 . Memory (MB): peak = 1028.844 ; gain = 0.000
INFO: [runtcl-4] Executing : report_utilization -file stopwatch_utilization_placed.rpt -pb stopwatch_utilization_placed.pb
report_utilization: Time (s): cpu = 00:00:00 ; elapsed = 00:00:00.026 . Memory (MB): peak = 1028.844 ; gain = 0.000
INFO: [runtcl-4] Executing : report_control_sets -file stopwatch_control_sets_placed.rpt
report_control_sets: Time (s): cpu = 00:00:00 ; elapsed = 00:00:00.001 . Memory (MB): peak = 1028.844 ; gain = 0.000
Command: route_design
Attempting to get a license for feature 'Implementation' and/or device 'xc7a35t'
INFO: [Common 17-349] Got license for feature 'Implementation' and/or device 'xc7a35t'
Running DRC as a precondition to command route_design
INFO: [DRC 23-27] Running DRC with 2 threads
INFO: [Vivado_Tcl 4-198] DRC finished with 0 Errors
INFO: [Vivado_Tcl 4-199] Please refer to the DRC report (report_drc) for more information.


Starting Routing Task
INFO: [Route 35-254] Multithreading enabled for route_design using a maximum of 2 CPUs
Checksum: PlaceDB: 5360189 ConstDB: 0 ShapeSum: b4465767 RouteDB: 0

Phase 1 Build RT Design
Phase 1 Build RT Design | Checksum: d4e9426f

Time (s): cpu = 00:00:14 ; elapsed = 00:00:12 . Memory (MB): peak = 1154.426 ; gain = 125.582
Post Restoration Checksum: NetGraph: 5b36ac56 NumContArr: 79b29619 Constraints: 0 Timing: 0

Phase 2 Router Initialization

Phase 2.1 Create Timer
Phase 2.1 Create Timer | Checksum: d4e9426f

Time (s): cpu = 00:00:14 ; elapsed = 00:00:12 . Memory (MB): peak = 1154.426 ; gain = 125.582

Phase 2.2 Fix Topology Constraints
Phase 2.2 Fix Topology Constraints | Checksum: d4e9426f

Time (s): cpu = 00:00:14 ; elapsed = 00:00:12 . Memory (MB): peak = 1154.426 ; gain = 125.582

Phase 2.3 Pre Route Cleanup
Phase 2.3 Pre Route Cleanup | Checksum: d4e9426f

Time (s): cpu = 00:00:14 ; elapsed = 00:00:12 . Memory (MB): peak = 1154.426 ; gain = 125.582
 Number of Nodes with overlaps = 0

Phase 2.4 Update Timing
Phase 2.4 Update Timing | Checksum: 12487bfdf

Time (s): cpu = 00:00:14 ; elapsed = 00:00:13 . Memory (MB): peak = 1154.426 ; gain = 125.582
INFO: [Route 35-416] Intermediate Timing Summary | WNS=6.386  | TNS=0.000  | WHS=-0.064 | THS=-0.131 |

Phase 2 Router Initialization | Checksum: 1119d3121

Time (s): cpu = 00:00:14 ; elapsed = 00:00:13 . Memory (MB): peak = 1154.426 ; gain = 125.582

Phase 3 Initial Routing
Phase 3 Initial Routing | Checksum: 223231b52

Time (s): cpu = 00:00:14 ; elapsed = 00:00:13 . Memory (MB): peak = 1154.426 ; gain = 125.582

Phase 4 Rip-up And Reroute

Phase 4.1 Global Iteration 0
 Number of Nodes with overlaps = 10
 Number of Nodes with overlaps = 0
INFO: [Route 35-416] Intermediate Timing Summary | WNS=6.016  | TNS=0.000  | WHS=N/A    | THS=N/A    |

Phase 4.1 Global Iteration 0 | Checksum: 18f80b6f2

Time (s): cpu = 00:00:14 ; elapsed = 00:00:13 . Memory (MB): peak = 1154.426 ; gain = 125.582
Phase 4 Rip-up And Reroute | Checksum: 18f80b6f2

Time (s): cpu = 00:00:14 ; elapsed = 00:00:13 . Memory (MB): peak = 1154.426 ; gain = 125.582

Phase 5 Delay and Skew Optimization

Phase 5.1 Delay CleanUp

Phase 5.1.1 Update Timing
Phase 5.1.1 Update Timing | Checksum: 18f90003c

Time (s): cpu = 00:00:14 ; elapsed = 00:00:13 . Memory (MB): peak = 1154.426 ; gain = 125.582
INFO: [Route 35-416] Intermediate Timing Summary | WNS=6.109  | TNS=0.000  | WHS=N/A    | THS=N/A    |

Phase 5.1 Delay CleanUp | Checksum: 18f90003c

Time (s): cpu = 00:00:14 ; elapsed = 00:00:13 . Memory (MB): peak = 1154.426 ; gain = 125.582

Phase 5.2 Clock Skew Optimization
Phase 5.2 Clock Skew Optimization | Checksum: 18f90003c

Time (s): cpu = 00:00:14 ; elapsed = 00:00:13 . Memory (MB): peak = 1154.426 ; gain = 125.582
Phase 5 Delay and Skew Optimization | Checksum: 18f90003c

Time (s): cpu = 00:00:14 ; elapsed = 00:00:13 . Memory (MB): peak = 1154.426 ; gain = 125.582

Phase 6 Post Hold Fix

Phase 6.1 Hold Fix Iter

Phase 6.1.1 Update Timing
Phase 6.1.1 Update Timing | Checksum: 18a5cf70e

Time (s): cpu = 00:00:14 ; elapsed = 00:00:13 . Memory (MB): peak = 1154.426 ; gain = 125.582
INFO: [Route 35-416] Intermediate Timing Summary | WNS=6.109  | TNS=0.000  | WHS=0.260  | THS=0.000  |

Phase 6.1 Hold Fix Iter | Checksum: 174cce336

Time (s): cpu = 00:00:14 ; elapsed = 00:00:13 . Memory (MB): peak = 1154.426 ; gain = 125.582
Phase 6 Post Hold Fix | Checksum: 174cce336

Time (s): cpu = 00:00:14 ; elapsed = 00:00:13 . Memory (MB): peak = 1154.426 ; gain = 125.582

Phase 7 Route finalize

Router Utilization Summary
  Global Vertical Routing Utilization    = 0.0275851 %
  Global Horizontal Routing Utilization  = 0.0471109 %
  Routable Net Status*
  *Does not include unroutable nets such as driverless and loadless.
  Run report_route_status for detailed report.
  Number of Failed Nets               = 0
  Number of Unrouted Nets             = 0
  Number of Partially Routed Nets     = 0
  Number of Node Overlaps             = 0

Phase 7 Route finalize | Checksum: 1dc6b68cf

Time (s): cpu = 00:00:14 ; elapsed = 00:00:13 . Memory (MB): peak = 1154.426 ; gain = 125.582

Phase 8 Verifying routed nets

 Verification completed successfully
Phase 8 Verifying routed nets | Checksum: 1dc6b68cf

Time (s): cpu = 00:00:14 ; elapsed = 00:00:13 . Memory (MB): peak = 1154.426 ; gain = 125.582

Phase 9 Depositing Routes
Phase 9 Depositing Routes | Checksum: 1f2deea1c

Time (s): cpu = 00:00:14 ; elapsed = 00:00:13 . Memory (MB): peak = 1154.426 ; gain = 125.582

Phase 10 Post Router Timing
INFO: [Route 35-57] Estimated Timing Summary | WNS=6.109  | TNS=0.000  | WHS=0.260  | THS=0.000  |

INFO: [Route 35-327] The final timing numbers are based on the router estimated timing analysis. For a complete and accurate timing signoff, please run report_timing_summary.
Phase 10 Post Router Timing | Checksum: 1f2deea1c

Time (s): cpu = 00:00:14 ; elapsed = 00:00:13 . Memory (MB): peak = 1154.426 ; gain = 125.582
INFO: [Route 35-16] Router Completed Successfully

Time (s): cpu = 00:00:14 ; elapsed = 00:00:13 . Memory (MB): peak = 1154.426 ; gain = 125.582

Routing Is Done.
INFO: [Common 17-83] Releasing license: Implementation
60 Infos, 0 Warnings, 0 Critical Warnings and 0 Errors encountered.
route_design completed successfully
route_design: Time (s): cpu = 00:00:15 ; elapsed = 00:00:13 . Memory (MB): peak = 1154.426 ; gain = 125.582
Writing placer database...
Writing XDEF routing.
Writing XDEF routing logical nets.
Writing XDEF routing special nets.
Write XDEF Complete: Time (s): cpu = 00:00:00 ; elapsed = 00:00:00.046 . Memory (MB): peak = 1154.426 ; gain = 0.000
INFO: [Common 17-1381] The checkpoint 'D:/Vivado/MateuszJagielski/stopwatch_MJ/stopwatch_MJ.runs/impl_1/stopwatch_routed.dcp' has been generated.
INFO: [runtcl-4] Executing : report_drc -file stopwatch_drc_routed.rpt -pb stopwatch_drc_routed.pb -rpx stopwatch_drc_routed.rpx
Command: report_drc -file stopwatch_drc_routed.rpt -pb stopwatch_drc_routed.pb -rpx stopwatch_drc_routed.rpx
INFO: [DRC 23-27] Running DRC with 2 threads
INFO: [Coretcl 2-168] The results of DRC are in file D:/Vivado/MateuszJagielski/stopwatch_MJ/stopwatch_MJ.runs/impl_1/stopwatch_drc_routed.rpt.
report_drc completed successfully
INFO: [runtcl-4] Executing : report_methodology -file stopwatch_methodology_drc_routed.rpt -pb stopwatch_methodology_drc_routed.pb -rpx stopwatch_methodology_drc_routed.rpx
Command: report_methodology -file stopwatch_methodology_drc_routed.rpt -pb stopwatch_methodology_drc_routed.pb -rpx stopwatch_methodology_drc_routed.rpx
INFO: [Timing 38-35] Done setting XDC timing constraints.
INFO: [Timing 38-35] Done setting XDC timing constraints.
INFO: [DRC 23-133] Running Methodology with 2 threads
INFO: [Coretcl 2-1520] The results of Report Methodology are in file D:/Vivado/MateuszJagielski/stopwatch_MJ/stopwatch_MJ.runs/impl_1/stopwatch_methodology_drc_routed.rpt.
report_methodology completed successfully
INFO: [runtcl-4] Executing : report_power -file stopwatch_power_routed.rpt -pb stopwatch_power_summary_routed.pb -rpx stopwatch_power_routed.rpx
Command: report_power -file stopwatch_power_routed.rpt -pb stopwatch_power_summary_routed.pb -rpx stopwatch_power_routed.rpx
INFO: [Timing 38-35] Done setting XDC timing constraints.
Running Vector-less Activity Propagation...

Finished Running Vector-less Activity Propagation
71 Infos, 0 Warnings, 0 Critical Warnings and 0 Errors encountered.
report_power completed successfully
INFO: [runtcl-4] Executing : report_route_status -file stopwatch_route_status.rpt -pb stopwatch_route_status.pb
INFO: [runtcl-4] Executing : report_timing_summary -file stopwatch_timing_summary_routed.rpt -warn_on_violation  -rpx stopwatch_timing_summary_routed.rpx
INFO: [Timing 38-91] UpdateTimingParams: Speed grade: -1, Delay Type: min_max.
INFO: [Timing 38-191] Multithreading enabled for timing update using a maximum of 2 CPUs
INFO: [runtcl-4] Executing : report_incremental_reuse -file stopwatch_incremental_reuse_routed.rpt
INFO: [Vivado_Tcl 4-545] No incremental reuse to report, no incremental placement and routing data was found.
INFO: [runtcl-4] Executing : report_clock_utilization -file stopwatch_clock_utilization_routed.rpt
Command: write_bitstream -force stopwatch.bit
Attempting to get a license for feature 'Implementation' and/or device 'xc7a35t'
INFO: [Common 17-349] Got license for feature 'Implementation' and/or device 'xc7a35t'
Running DRC as a precondition to command write_bitstream
INFO: [DRC 23-27] Running DRC with 2 threads
INFO: [Vivado 12-3199] DRC finished with 0 Errors
INFO: [Vivado 12-3200] Please refer to the DRC report (report_drc) for more information.
INFO: [Project 1-821] Please set project.enableDesignId to be 'true'.
INFO: [Designutils 20-2272] Running write_bitstream with 2 threads.
Loading data files...
Loading site data...
Loading route data...
Processing options...
Creating bitmap...
Creating bitstream...
Bitstream compression saved 15269792 bits.
Writing bitstream ./stopwatch.bit...
INFO: [Vivado 12-1842] Bitgen Completed Successfully.
INFO: [Project 1-120] WebTalk data collection is mandatory when using a WebPACK part without a full Vivado license. To see the specific WebTalk data collected for your design, open the usage_statistics_webtalk.html or usage_statistics_webtalk.xml file in the implementation directory.
INFO: [Common 17-83] Releasing license: Implementation
87 Infos, 0 Warnings, 0 Critical Warnings and 0 Errors encountered.
write_bitstream completed successfully
write_bitstream: Time (s): cpu = 00:00:08 ; elapsed = 00:00:08 . Memory (MB): peak = 1506.855 ; gain = 339.246
INFO: [Common 17-206] Exiting Vivado at Wed Jan 19 17:15:33 2022...
