#-----------------------------------------------------------
# Vivado v2017.3 (64-bit)
# SW Build 2018833 on Wed Oct  4 19:58:22 MDT 2017
# IP Build 2016188 on Wed Oct  4 21:52:56 MDT 2017
# Start of session at: Sun Jan 16 14:20:28 2022
# Process ID: 16592
# Current directory: D:/Vivado/MateuszJagielski/stopwatch_MJ
# Command line: vivado.exe -gui_launcher_event rodinguilauncherevent12480 D:\Vivado\MateuszJagielski\stopwatch_MJ\stopwatch_MJ.xpr
# Log file: D:/Vivado/MateuszJagielski/stopwatch_MJ/vivado.log
# Journal file: D:/Vivado/MateuszJagielski/stopwatch_MJ\vivado.jou
#-----------------------------------------------------------
start_gui
open_project D:/Vivado/MateuszJagielski/stopwatch_MJ/stopwatch_MJ.xpr
Scanning sources...
Finished scanning sources
INFO: [IP_Flow 19-234] Refreshing IP repositories
INFO: [IP_Flow 19-1704] No user IP repositories specified
INFO: [IP_Flow 19-2313] Loaded Vivado IP repository 'C:/Xilinx/Vivado/2017.3/data/ip'.
update_compile_order -fileset sources_1
exit
INFO: [Common 17-206] Exiting Vivado at Sun Jan 16 14:21:24 2022...
