Warnings, critical warnings and errors from synthesis and implementation

Created: 2023-03-31 22:01:36

----SYNTHESIS----
WARNING: [Synth 8-6014] Unused sequential element set_x.inc_reg was removed.  [rtl/MouseCtl.vhd:450]
WARNING: [Synth 8-6014] Unused sequential element set_x.x_inter_reg was removed.  [rtl/MouseCtl.vhd:456]
WARNING: [Synth 8-6014] Unused sequential element set_y.inc_reg was removed.  [rtl/MouseCtl.vhd:514]
WARNING: [Synth 8-6014] Unused sequential element set_y.y_inter_reg was removed.  [rtl/MouseCtl.vhd:520]
WARNING: [Synth 8-7071] port 'zpos' of module 'MouseCtl' is unconnected for instance 'u_MouseCtl' [rtl/top_vga.sv:73]
WARNING: [Synth 8-7071] port 'left' of module 'MouseCtl' is unconnected for instance 'u_MouseCtl' [rtl/top_vga.sv:73]
WARNING: [Synth 8-7071] port 'middle' of module 'MouseCtl' is unconnected for instance 'u_MouseCtl' [rtl/top_vga.sv:73]
WARNING: [Synth 8-7071] port 'right' of module 'MouseCtl' is unconnected for instance 'u_MouseCtl' [rtl/top_vga.sv:73]
WARNING: [Synth 8-7071] port 'new_event' of module 'MouseCtl' is unconnected for instance 'u_MouseCtl' [rtl/top_vga.sv:73]
WARNING: [Synth 8-7071] port 'value' of module 'MouseCtl' is unconnected for instance 'u_MouseCtl' [rtl/top_vga.sv:73]
WARNING: [Synth 8-7071] port 'setx' of module 'MouseCtl' is unconnected for instance 'u_MouseCtl' [rtl/top_vga.sv:73]
WARNING: [Synth 8-7071] port 'sety' of module 'MouseCtl' is unconnected for instance 'u_MouseCtl' [rtl/top_vga.sv:73]
WARNING: [Synth 8-7071] port 'setmax_x' of module 'MouseCtl' is unconnected for instance 'u_MouseCtl' [rtl/top_vga.sv:73]
WARNING: [Synth 8-7071] port 'setmax_y' of module 'MouseCtl' is unconnected for instance 'u_MouseCtl' [rtl/top_vga.sv:73]
WARNING: [Synth 8-7023] instance 'u_MouseCtl' of module 'MouseCtl' has 16 connections declared, but only 6 given [rtl/top_vga.sv:73]
WARNING: [Synth 8-7129] Port rst in module draw_mouse is either unconnected or has no load
WARNING: [Synth 8-7129] Port in\.rgb[11] in module draw_bg is either unconnected or has no load
WARNING: [Synth 8-7129] Port in\.rgb[10] in module draw_bg is either unconnected or has no load
WARNING: [Synth 8-7129] Port in\.rgb[9] in module draw_bg is either unconnected or has no load
WARNING: [Synth 8-7129] Port in\.rgb[8] in module draw_bg is either unconnected or has no load
WARNING: [Synth 8-7129] Port in\.rgb[7] in module draw_bg is either unconnected or has no load
WARNING: [Synth 8-7129] Port in\.rgb[6] in module draw_bg is either unconnected or has no load
WARNING: [Synth 8-7129] Port in\.rgb[5] in module draw_bg is either unconnected or has no load
WARNING: [Synth 8-7129] Port in\.rgb[4] in module draw_bg is either unconnected or has no load
WARNING: [Synth 8-7129] Port in\.rgb[3] in module draw_bg is either unconnected or has no load
WARNING: [Synth 8-7129] Port in\.rgb[2] in module draw_bg is either unconnected or has no load
WARNING: [Synth 8-7129] Port in\.rgb[1] in module draw_bg is either unconnected or has no load
WARNING: [Synth 8-7129] Port in\.rgb[0] in module draw_bg is either unconnected or has no load
WARNING: [Synth 8-7080] Parallel synthesis criteria is not met
WARNING: [Synth 8-7129] Port rst in module draw_mouse is either unconnected or has no load
WARNING: [Synth 8-7129] Port in\.rgb[11] in module draw_bg is either unconnected or has no load
WARNING: [Synth 8-7129] Port in\.rgb[10] in module draw_bg is either unconnected or has no load
WARNING: [Synth 8-7129] Port in\.rgb[9] in module draw_bg is either unconnected or has no load
WARNING: [Synth 8-7129] Port in\.rgb[8] in module draw_bg is either unconnected or has no load
WARNING: [Synth 8-7129] Port in\.rgb[7] in module draw_bg is either unconnected or has no load
WARNING: [Synth 8-7129] Port in\.rgb[6] in module draw_bg is either unconnected or has no load
WARNING: [Synth 8-7129] Port in\.rgb[5] in module draw_bg is either unconnected or has no load
WARNING: [Synth 8-7129] Port in\.rgb[4] in module draw_bg is either unconnected or has no load
WARNING: [Synth 8-7129] Port in\.rgb[3] in module draw_bg is either unconnected or has no load
WARNING: [Synth 8-7129] Port in\.rgb[2] in module draw_bg is either unconnected or has no load
WARNING: [Synth 8-7129] Port in\.rgb[1] in module draw_bg is either unconnected or has no load
WARNING: [Synth 8-7129] Port in\.rgb[0] in module draw_bg is either unconnected or has no load

----IMPLEMENTATION----
WARNING: [Place 46-29] place_design is not in timing mode. Skip physical synthesis in placer
WARNING: [Power 33-232] No user defined clocks were found in the design! Power estimation will be inaccurate until this is corrected.
WARNING: [Power 33-230] Invalid input clock frequency for u_clk_wiz_0/inst/clkout1_buf. Out of range!
WARNING: [Power 33-230] Invalid input clock frequency for u_clk_wiz_0/inst/clkout2_buf. Out of range!
WARNING: [Power 33-230] Invalid input clock frequency for u_clk_wiz_0/inst/clkout1_buf. Out of range!
WARNING: [Power 33-230] Invalid input clock frequency for u_clk_wiz_0/inst/clkout2_buf. Out of range!
WARNING: [Power 33-230] Invalid input clock frequency for u_clk_wiz_0/inst/clkout1_buf. Out of range!
WARNING: [Power 33-230] Invalid input clock frequency for u_clk_wiz_0/inst/clkout2_buf. Out of range!
WARNING: [Power 33-230] Invalid input clock frequency for u_clk_wiz_0/inst/clkout1_buf. Out of range!
WARNING: [Power 33-230] Invalid input clock frequency for u_clk_wiz_0/inst/clkout2_buf. Out of range!
WARNING: [Timing 38-313] There are no user specified timing constraints. Timing constraints are needed for proper timing analysis.
